<?xml version="1.0" encoding="UTF-8"?>
<testng-results ignored="0" total="8" passed="6" failed="2" skipped="0">
  <reporter-output>
  </reporter-output>
  <suite started-at="2023-01-27T21:21:55 IST" name="CashDry Test Suite" finished-at="2023-01-27T21:22:25 IST" duration-ms="30076">
    <groups>
    </groups>
    <test started-at="2023-01-27T21:21:55 IST" name="Test" finished-at="2023-01-27T21:22:25 IST" duration-ms="30076">
      <class name="tests.ManagerAddPageTest">
        <test-method is-config="true" signature="basePage(java.lang.String,java.lang.String)[pri:0, instance:tests.ManagerAddPageTest@14bdbc74]" started-at="2023-01-27T21:21:55 IST" name="basePage" finished-at="2023-01-27T21:22:06 IST" duration-ms="11415" status="PASS">
          <params>
            <param index="0">
              <value>
                <![CDATA[admin]]>
              </value>
            </param>
            <param index="1">
              <value>
                <![CDATA[Adminpass@123]]>
              </value>
            </param>
          </params>
          <reporter-output>
          </reporter-output>
        </test-method> <!-- basePage -->
        <test-method signature="getManagerPage()[pri:0, instance:tests.ManagerAddPageTest@14bdbc74]" started-at="2023-01-27T21:22:06 IST" name="getManagerPage" finished-at="2023-01-27T21:22:07 IST" duration-ms="226" status="PASS">
          <reporter-output>
          </reporter-output>
        </test-method> <!-- getManagerPage -->
        <test-method signature="openAddManagerPage()[pri:1, instance:tests.ManagerAddPageTest@14bdbc74]" started-at="2023-01-27T21:22:07 IST" name="openAddManagerPage" finished-at="2023-01-27T21:22:07 IST" duration-ms="510" status="FAIL">
          <exception class="java.lang.AssertionError">
            <message>
              <![CDATA[The following asserts failed:
expected [true] but found [false]]]>
            </message>
            <full-stacktrace>
              <![CDATA[java.lang.AssertionError: The following asserts failed:
expected [true] but found [false]
at org.testng.asserts.SoftAssert.assertAll(SoftAssert.java:46)
at org.testng.asserts.SoftAssert.assertAll(SoftAssert.java:30)
at tests.ManagerAddPageTest.openAddManagerPage(ManagerAddPageTest.java:34)
at java.base/jdk.internal.reflect.NativeMethodAccessorImpl.invoke0(Native Method)
at java.base/jdk.internal.reflect.NativeMethodAccessorImpl.invoke(NativeMethodAccessorImpl.java:77)
at java.base/jdk.internal.reflect.DelegatingMethodAccessorImpl.invoke(DelegatingMethodAccessorImpl.java:43)
at java.base/java.lang.reflect.Method.invoke(Method.java:568)
at org.testng.internal.invokers.MethodInvocationHelper.invokeMethod(MethodInvocationHelper.java:139)
at org.testng.internal.invokers.TestInvoker.invokeMethod(TestInvoker.java:677)
at org.testng.internal.invokers.TestInvoker.invokeTestMethod(TestInvoker.java:221)
at org.testng.internal.invokers.MethodRunner.runInSequence(MethodRunner.java:50)
at org.testng.internal.invokers.TestInvoker$MethodInvocationAgent.invoke(TestInvoker.java:969)
at org.testng.internal.invokers.TestInvoker.invokeTestMethods(TestInvoker.java:194)
at org.testng.internal.invokers.TestMethodWorker.invokeTestMethods(TestMethodWorker.java:148)
at org.testng.internal.invokers.TestMethodWorker.run(TestMethodWorker.java:128)
at java.base/java.util.ArrayList.forEach(ArrayList.java:1511)
at org.testng.TestRunner.privateRun(TestRunner.java:829)
at org.testng.TestRunner.run(TestRunner.java:602)
at org.testng.SuiteRunner.runTest(SuiteRunner.java:437)
at org.testng.SuiteRunner.runSequentially(SuiteRunner.java:431)
at org.testng.SuiteRunner.privateRun(SuiteRunner.java:391)
at org.testng.SuiteRunner.run(SuiteRunner.java:330)
at org.testng.SuiteRunnerWorker.runSuite(SuiteRunnerWorker.java:52)
at org.testng.SuiteRunnerWorker.run(SuiteRunnerWorker.java:95)
at org.testng.TestNG.runSuitesSequentially(TestNG.java:1256)
at org.testng.TestNG.runSuitesLocally(TestNG.java:1176)
at org.testng.TestNG.runSuites(TestNG.java:1099)
at org.testng.TestNG.run(TestNG.java:1067)
at org.testng.remote.AbstractRemoteTestNG.run(AbstractRemoteTestNG.java:115)
at org.testng.remote.RemoteTestNG.initAndRun(RemoteTestNG.java:251)
at org.testng.remote.RemoteTestNG.main(RemoteTestNG.java:77)
]]>
            </full-stacktrace>
          </exception> <!-- java.lang.AssertionError -->
          <reporter-output>
          </reporter-output>
        </test-method> <!-- openAddManagerPage -->
        <test-method signature="enterDetails(java.lang.String,java.lang.String,java.lang.String,java.lang.String,java.lang.String,java.lang.String)[pri:2, instance:tests.ManagerAddPageTest@14bdbc74]" started-at="2023-01-27T21:22:08 IST" name="enterDetails" finished-at="2023-01-27T21:22:09 IST" duration-ms="825" status="PASS">
          <params>
            <param index="0">
              <value>
                <![CDATA[01]]>
              </value>
            </param>
            <param index="1">
              <value>
                <![CDATA[DhineshLingam]]>
              </value>
            </param>
            <param index="2">
              <value>
                <![CDATA[manager@cashdry.com]]>
              </value>
            </param>
            <param index="3">
              <value>
                <![CDATA[Thiruchendur]]>
              </value>
            </param>
            <param index="4">
              <value>
                <![CDATA[9876543210]]>
              </value>
            </param>
            <param index="5">
              <value>
                <![CDATA[Password@123]]>
              </value>
            </param>
          </params>
          <reporter-output>
          </reporter-output>
        </test-method> <!-- enterDetails -->
        <test-method is-config="true" signature="closeBasePage()[pri:0, instance:tests.ManagerAddPageTest@14bdbc74]" started-at="2023-01-27T21:22:09 IST" name="closeBasePage" finished-at="2023-01-27T21:22:10 IST" duration-ms="872" status="PASS">
          <reporter-output>
          </reporter-output>
        </test-method> <!-- closeBasePage -->
      </class> <!-- tests.ManagerAddPageTest -->
      <class name="tests.ManagerDeletePageTest">
        <test-method is-config="true" signature="basePage(java.lang.String,java.lang.String)[pri:0, instance:tests.ManagerDeletePageTest@5efa40fe]" started-at="2023-01-27T21:22:19 IST" name="basePage" finished-at="2023-01-27T21:22:22 IST" duration-ms="3415" status="PASS">
          <params>
            <param index="0">
              <value>
                <![CDATA[admin]]>
              </value>
            </param>
            <param index="1">
              <value>
                <![CDATA[Adminpass@123]]>
              </value>
            </param>
          </params>
          <reporter-output>
          </reporter-output>
        </test-method> <!-- basePage -->
        <test-method signature="getManagerPage()[pri:0, instance:tests.ManagerDeletePageTest@5efa40fe]" started-at="2023-01-27T21:22:22 IST" name="getManagerPage" finished-at="2023-01-27T21:22:22 IST" duration-ms="219" status="PASS">
          <reporter-output>
          </reporter-output>
        </test-method> <!-- getManagerPage -->
        <test-method signature="deleteManager()[pri:1, instance:tests.ManagerDeletePageTest@5efa40fe]" started-at="2023-01-27T21:22:22 IST" name="deleteManager" finished-at="2023-01-27T21:22:24 IST" duration-ms="2046" status="FAIL">
          <exception class="java.lang.AssertionError">
            <message>
              <![CDATA[null]]>
            </message>
            <full-stacktrace>
              <![CDATA[java.lang.AssertionError: null
at org.testng.Assert.fail(Assert.java:110)
at org.testng.Assert.fail(Assert.java:115)
at tests.ManagerDeletePageTest.deleteManager(ManagerDeletePageTest.java:27)
at java.base/jdk.internal.reflect.NativeMethodAccessorImpl.invoke0(Native Method)
at java.base/jdk.internal.reflect.NativeMethodAccessorImpl.invoke(NativeMethodAccessorImpl.java:77)
at java.base/jdk.internal.reflect.DelegatingMethodAccessorImpl.invoke(DelegatingMethodAccessorImpl.java:43)
at java.base/java.lang.reflect.Method.invoke(Method.java:568)
at org.testng.internal.invokers.MethodInvocationHelper.invokeMethod(MethodInvocationHelper.java:139)
at org.testng.internal.invokers.TestInvoker.invokeMethod(TestInvoker.java:677)
at org.testng.internal.invokers.TestInvoker.invokeTestMethod(TestInvoker.java:221)
at org.testng.internal.invokers.MethodRunner.runInSequence(MethodRunner.java:50)
at org.testng.internal.invokers.TestInvoker$MethodInvocationAgent.invoke(TestInvoker.java:969)
at org.testng.internal.invokers.TestInvoker.invokeTestMethods(TestInvoker.java:194)
at org.testng.internal.invokers.TestMethodWorker.invokeTestMethods(TestMethodWorker.java:148)
at org.testng.internal.invokers.TestMethodWorker.run(TestMethodWorker.java:128)
at java.base/java.util.ArrayList.forEach(ArrayList.java:1511)
at org.testng.TestRunner.privateRun(TestRunner.java:829)
at org.testng.TestRunner.run(TestRunner.java:602)
at org.testng.SuiteRunner.runTest(SuiteRunner.java:437)
at org.testng.SuiteRunner.runSequentially(SuiteRunner.java:431)
at org.testng.SuiteRunner.privateRun(SuiteRunner.java:391)
at org.testng.SuiteRunner.run(SuiteRunner.java:330)
at org.testng.SuiteRunnerWorker.runSuite(SuiteRunnerWorker.java:52)
at org.testng.SuiteRunnerWorker.run(SuiteRunnerWorker.java:95)
at org.testng.TestNG.runSuitesSequentially(TestNG.java:1256)
at org.testng.TestNG.runSuitesLocally(TestNG.java:1176)
at org.testng.TestNG.runSuites(TestNG.java:1099)
at org.testng.TestNG.run(TestNG.java:1067)
at org.testng.remote.AbstractRemoteTestNG.run(AbstractRemoteTestNG.java:115)
at org.testng.remote.RemoteTestNG.initAndRun(RemoteTestNG.java:251)
at org.testng.remote.RemoteTestNG.main(RemoteTestNG.java:77)
]]>
            </full-stacktrace>
          </exception> <!-- java.lang.AssertionError -->
          <reporter-output>
          </reporter-output>
        </test-method> <!-- deleteManager -->
        <test-method is-config="true" signature="closeBasePage()[pri:0, instance:tests.ManagerDeletePageTest@5efa40fe]" started-at="2023-01-27T21:22:24 IST" name="closeBasePage" finished-at="2023-01-27T21:22:25 IST" duration-ms="626" status="PASS">
          <reporter-output>
          </reporter-output>
        </test-method> <!-- closeBasePage -->
      </class> <!-- tests.ManagerDeletePageTest -->
      <class name="tests.ManagerUpdatePageTest">
        <test-method is-config="true" signature="basePage(java.lang.String,java.lang.String)[pri:0, instance:tests.ManagerUpdatePageTest@5d908d47]" started-at="2023-01-27T21:22:10 IST" name="basePage" finished-at="2023-01-27T21:22:16 IST" duration-ms="6350" status="PASS">
          <params>
            <param index="0">
              <value>
                <![CDATA[admin]]>
              </value>
            </param>
            <param index="1">
              <value>
                <![CDATA[Adminpass@123]]>
              </value>
            </param>
          </params>
          <reporter-output>
          </reporter-output>
        </test-method> <!-- basePage -->
        <test-method signature="getManagerPage()[pri:0, instance:tests.ManagerUpdatePageTest@5d908d47]" started-at="2023-01-27T21:22:16 IST" name="getManagerPage" finished-at="2023-01-27T21:22:16 IST" duration-ms="220" status="PASS">
          <reporter-output>
          </reporter-output>
        </test-method> <!-- getManagerPage -->
        <test-method signature="updateManagerEnterDetails()[pri:1, instance:tests.ManagerUpdatePageTest@5d908d47]" started-at="2023-01-27T21:22:16 IST" name="updateManagerEnterDetails" finished-at="2023-01-27T21:22:17 IST" duration-ms="761" status="PASS">
          <reporter-output>
          </reporter-output>
        </test-method> <!-- updateManagerEnterDetails -->
        <test-method signature="updateManagerSave(java.lang.String)[pri:2, instance:tests.ManagerUpdatePageTest@5d908d47]" started-at="2023-01-27T21:22:17 IST" name="updateManagerSave" finished-at="2023-01-27T21:22:17 IST" duration-ms="339" status="PASS">
          <params>
            <param index="0">
              <value>
                <![CDATA[Updated Name]]>
              </value>
            </param>
          </params>
          <reporter-output>
          </reporter-output>
        </test-method> <!-- updateManagerSave -->
        <test-method is-config="true" signature="closeBasePage()[pri:0, instance:tests.ManagerUpdatePageTest@5d908d47]" started-at="2023-01-27T21:22:17 IST" name="closeBasePage" finished-at="2023-01-27T21:22:19 IST" duration-ms="1024" status="PASS">
          <reporter-output>
          </reporter-output>
        </test-method> <!-- closeBasePage -->
      </class> <!-- tests.ManagerUpdatePageTest -->
    </test> <!-- Test -->
  </suite> <!-- CashDry Test Suite -->
</testng-results>
