<?xml version="1.0" encoding="UTF-8"?>
<!-- Generated by org.testng.reporters.JUnitXMLReporter -->
<testsuite ignored="0" hostname="DESKTOP-AANA9BE" failures="2" tests="8" name="Test" time="30.076" errors="0" timestamp="2023-01-27T21:22:26 IST">
  <testcase classname="tests.ManagerAddPageTest" name="getManagerPage" time="0.226"/>
  <testcase classname="tests.ManagerAddPageTest" name="openAddManagerPage" time="0.51">
    <failure type="java.lang.AssertionError" message="The following asserts failed:
	expected [true] but found [false]">
      <![CDATA[java.lang.AssertionError: The following asserts failed:
expected [true] but found [false]
at tests.ManagerAddPageTest.openAddManagerPage(ManagerAddPageTest.java:34)
at java.base/java.util.ArrayList.forEach(ArrayList.java:1511)
... Removed 29 stack frames]]>
    </failure>
  </testcase> <!-- openAddManagerPage -->
  <testcase classname="tests.ManagerAddPageTest" name="enterDetails" time="0.825"/>
  <testcase classname="tests.ManagerUpdatePageTest" name="getManagerPage" time="0.22"/>
  <testcase classname="tests.ManagerUpdatePageTest" name="updateManagerEnterDetails" time="0.761"/>
  <testcase classname="tests.ManagerUpdatePageTest" name="updateManagerSave" time="0.339"/>
  <testcase classname="tests.ManagerDeletePageTest" name="getManagerPage" time="0.219"/>
  <testcase classname="tests.ManagerDeletePageTest" name="deleteManager" time="2.046">
    <failure type="java.lang.AssertionError" message="null">
      <![CDATA[java.lang.AssertionError: null
at tests.ManagerDeletePageTest.deleteManager(ManagerDeletePageTest.java:27)
at java.base/java.util.ArrayList.forEach(ArrayList.java:1511)
... Removed 29 stack frames]]>
    </failure>
  </testcase> <!-- deleteManager -->
</testsuite> <!-- Test -->
